[LOG] System::create                           : Header version = 2.02.18. Current version = 2.02.18.
[LOG] Manager::init                            : maxchannels = 256 studioflags = 00000006 flags 00000000 extradriverdata 0000000000000000.
[LOG] SystemI::init                            : Initialize version=20218 (137105), maxchannels=256, flags=0x00020000
[LOG] SystemI::setOutputInternal               : Setting output to 'FMOD WASAPI Output'
[LOG] OutputWASAPI::init                       : Mix Format (WAVEFORMATEX): wFormatTag=0xFFFE, nChannels=2, nSamplesPerSec=48000, nAvgBytesPerSec=384000, nBlockAlign=8, wBitsPerSample=32, cbSize=22.
[LOG] OutputWASAPI::init                       : Mix Format (WAVEFORMATEXTENSIBLE): wValidBitsPerSample=32, dwChannelMask=0x00000003, SubFormat=00000003-0000-0010-8000-00AA00389B71.
[LOG] OutputWASAPI::init                       : Output buffer size: 4096 samples, latency: 0.00ms, period: 10.00ms, DSP buffer: 1024 * 4
[LOG] Thread::initThread                       : Init FMOD stream thread. Affinity: 0x4000000000000003, Priority: 0xFFFF7FFB, Stack Size: 98304, Semaphore: No, Sleep Time: 10, Looping: Yes.
[LOG] Thread::initThread                       : Init FMOD mixer thread. Affinity: 0x4000000000000001, Priority: 0xFFFF7FFA, Stack Size: 81920, Semaphore: No, Sleep Time: 0, Looping: Yes.
[LOG] AsyncManager::init                       : manager 0000022929BD70C8 isAsync 0 updatePeriod 0.02
[LOG] AsyncManager::init                       : done
[LOG] PlaybackSystem::init                     : 
[LOG] Thread::initThread                       : Init FMOD Studio sample load thread. Affinity: 0x4000000000000003, Priority: 0xFFFF7FFD, Stack Size: 98304, Semaphore: No, Sleep Time: 1, Looping: No.
[LOG] PlaybackSystem::init                     : done
[LOG] Thread::initThread                       : Init FMOD Studio bank load thread. Affinity: 0x4000000000000003, Priority: 0xFFFF7FFD, Stack Size: 98304, Semaphore: No, Sleep Time: 1, Looping: No.
[LOG] Manager::init                            : done.
[LOG] Manager::readBank                        : fileversion = 142, compatVersion = 140 (oldest = 44, newest = 142)
[LOG] Manager::readBank                        : fileversion = 142, compatVersion = 140 (oldest = 44, newest = 142)
[LOG] Manager::readBank                        : fileversion = 142, compatVersion = 140 (oldest = 44, newest = 142)
[LOG] PlaybackSystem::acquireMasterBus         : Setting master channel group format to 6
[LOG] Manager::readBank                        : fileversion = 142, compatVersion = 140 (oldest = 44, newest = 142)
[LOG] SystemI::createSoundInternal             : Create name='', mode=0x02000202
[LOG] SystemI::createSoundInternal             : exinfo->cbsize             = 224
[LOG] SystemI::createSoundInternal             : exinfo->length             = 61600
[LOG] SystemI::createSoundInternal             : exinfo->fileoffset         = 9408
[LOG] SystemI::createSoundInternal             : exinfo->numsubsounds       = 1
[LOG] SystemI::createSoundInternal             : exinfo->inclusionlist      = 000000867092F428
[LOG] SystemI::createSoundInternal             : exinfo->inclusionlistnum   = 1
[LOG] SystemI::createSoundInternal             : exinfo->suggestedsoundtype = 5
[LOG] SystemI::createSoundInternal             : exinfo->useropen           = 00007FF824573FA0
[LOG] SystemI::createSoundInternal             : exinfo->userclose          = 00007FF824573F60
[LOG] SystemI::createSoundInternal             : exinfo->userread           = 00007FF824574080
[LOG] SystemI::createSoundInternal             : exinfo->userseek           = 00007FF824574140
[LOG] SystemI::createSoundInternal             : exinfo->fileuserdata       = 00000228B8DBE848
[LOG] SystemI::createSoundInternal             : exinfo->initialseekpostype = 1
[LOG] SystemI::DSPCodecPoolRegister            : register codec pool for pool type 5
[LOG] SystemI::createSoundInternal             : Sample 0/1: name='unijam_StandartLand', format=5, channels=2, frequency=48000, lengthbytes=4128, lengthpcm=16000, pcmblocksize=0, loopstart=0, loopend=0, mode=0x00000000, channelmask=0x00000000, channelorder=0, peakvolume=0.399811.
[LOG] SystemI::createSoundInternal             : Create name='', mode=0x02000202
[LOG] SystemI::createSoundInternal             : exinfo->cbsize             = 224
[LOG] SystemI::createSoundInternal             : exinfo->length             = 61600
[LOG] SystemI::createSoundInternal             : exinfo->fileoffset         = 9408
[LOG] SystemI::createSoundInternal             : exinfo->numsubsounds       = 1
[LOG] SystemI::createSoundInternal             : exinfo->inclusionlist      = 000000867092F428
[LOG] SystemI::createSoundInternal             : exinfo->inclusionlistnum   = 1
[LOG] SystemI::createSoundInternal             : exinfo->suggestedsoundtype = 5
[LOG] SystemI::createSoundInternal             : exinfo->useropen           = 00007FF824573FA0
[LOG] SystemI::createSoundInternal             : exinfo->userclose          = 00007FF824573F60
[LOG] SystemI::createSoundInternal             : exinfo->userread           = 00007FF824574080
[LOG] SystemI::createSoundInternal             : exinfo->userseek           = 00007FF824574140
[LOG] SystemI::createSoundInternal             : exinfo->fileuserdata       = 00000228DBD666F8
[LOG] SystemI::createSoundInternal             : exinfo->initialseekpostype = 1
[LOG] SystemI::DSPCodecPoolRegister            : register codec pool for pool type 5
[LOG] SystemI::createSoundInternal             : Sample 0/1: name='unijam_Rotate', format=5, channels=2, frequency=48000, lengthbytes=3904, lengthpcm=12000, pcmblocksize=0, loopstart=0, loopend=0, mode=0x00000000, channelmask=0x00000000, channelorder=0, peakvolume=0.444641.
[LOG] SystemI::createSoundInternal             : Create name='', mode=0x02000202
[LOG] SystemI::createSoundInternal             : exinfo->cbsize             = 224
[LOG] SystemI::createSoundInternal             : exinfo->length             = 61600
[LOG] SystemI::createSoundInternal             : exinfo->fileoffset         = 9408
[LOG] SystemI::createSoundInternal             : exinfo->numsubsounds       = 1
[LOG] SystemI::createSoundInternal             : exinfo->inclusionlist      = 000000867092F428
[LOG] SystemI::createSoundInternal             : exinfo->inclusionlistnum   = 1
[LOG] SystemI::createSoundInternal             : exinfo->suggestedsoundtype = 5
[LOG] SystemI::createSoundInternal             : exinfo->useropen           = 00007FF824573FA0
[LOG] SystemI::createSoundInternal             : exinfo->userclose          = 00007FF824573F60
[LOG] SystemI::createSoundInternal             : exinfo->userread           = 00007FF824574080
[LOG] SystemI::createSoundInternal             : exinfo->userseek           = 00007FF824574140
[LOG] SystemI::createSoundInternal             : exinfo->fileuserdata       = 00000228DB9094F8
[LOG] SystemI::createSoundInternal             : exinfo->initialseekpostype = 1
[LOG] SystemI::DSPCodecPoolRegister            : register codec pool for pool type 5
[LOG] SystemI::createSoundInternal             : Sample 0/1: name='unijam_Death_2', format=5, channels=2, frequency=48000, lengthbytes=8864, lengthpcm=36000, pcmblocksize=0, loopstart=0, loopend=0, mode=0x00000000, channelmask=0x00000000, channelorder=0, peakvolume=0.464752.
[LOG] SystemI::createSoundInternal             : Create name='', mode=0x02000202
[LOG] SystemI::createSoundInternal             : exinfo->cbsize             = 224
[LOG] SystemI::createSoundInternal             : exinfo->length             = 61600
[LOG] SystemI::createSoundInternal             : exinfo->fileoffset         = 9408
[LOG] SystemI::createSoundInternal             : exinfo->numsubsounds       = 1
[LOG] SystemI::createSoundInternal             : exinfo->inclusionlist      = 000000867092F428
[LOG] SystemI::createSoundInternal             : exinfo->inclusionlistnum   = 1
[LOG] SystemI::createSoundInternal             : exinfo->suggestedsoundtype = 5
[LOG] SystemI::createSoundInternal             : exinfo->useropen           = 00007FF824573FA0
[LOG] SystemI::createSoundInternal             : exinfo->userclose          = 00007FF824573F60
[LOG] SystemI::createSoundInternal             : exinfo->userread           = 00007FF824574080
[LOG] SystemI::createSoundInternal             : exinfo->userseek           = 00007FF824574140
[LOG] SystemI::createSoundInternal             : exinfo->fileuserdata       = 00000228DB9094F8
[LOG] SystemI::createSoundInternal             : exinfo->initialseekpostype = 1
[LOG] SystemI::DSPCodecPoolRegister            : register codec pool for pool type 5
[LOG] SystemI::createSoundInternal             : Sample 0/1: name='unijam_Death_4', format=5, channels=2, frequency=48000, lengthbytes=8832, lengthpcm=36000, pcmblocksize=0, loopstart=0, loopend=0, mode=0x00000000, channelmask=0x00000000, channelorder=0, peakvolume=0.456635.
[LOG] SystemI::createSoundInternal             : Create name='', mode=0x02000202
[LOG] SystemI::createSoundInternal             : exinfo->cbsize             = 224
[LOG] SystemI::createSoundInternal             : exinfo->length             = 61600
[LOG] SystemI::createSoundInternal             : exinfo->fileoffset         = 9408
[LOG] SystemI::createSoundInternal             : exinfo->numsubsounds       = 1
[LOG] SystemI::createSoundInternal             : exinfo->inclusionlist      = 000000867092F428
[LOG] SystemI::createSoundInternal             : exinfo->inclusionlistnum   = 1
[LOG] SystemI::createSoundInternal             : exinfo->suggestedsoundtype = 5
[LOG] SystemI::createSoundInternal             : exinfo->useropen           = 00007FF824573FA0
[LOG] SystemI::createSoundInternal             : exinfo->userclose          = 00007FF824573F60
[LOG] SystemI::createSoundInternal             : exinfo->userread           = 00007FF824574080
[LOG] SystemI::createSoundInternal             : exinfo->userseek           = 00007FF824574140
[LOG] SystemI::createSoundInternal             : exinfo->fileuserdata       = 00000228DB9094F8
[LOG] SystemI::createSoundInternal             : exinfo->initialseekpostype = 1
[LOG] SystemI::DSPCodecPoolRegister            : register codec pool for pool type 5
[LOG] SystemI::createSoundInternal             : Sample 0/1: name='unijam_Death_1', format=5, channels=2, frequency=48000, lengthbytes=8960, lengthpcm=36000, pcmblocksize=0, loopstart=0, loopend=0, mode=0x00000000, channelmask=0x00000000, channelorder=0, peakvolume=0.467987.
[LOG] SystemI::createSoundInternal             : Create name='', mode=0x02000202
[LOG] SystemI::createSoundInternal             : exinfo->cbsize             = 224
[LOG] SystemI::createSoundInternal             : exinfo->length             = 61600
[LOG] SystemI::createSoundInternal             : exinfo->fileoffset         = 9408
[LOG] SystemI::createSoundInternal             : exinfo->numsubsounds       = 1
[LOG] SystemI::createSoundInternal             : exinfo->inclusionlist      = 000000867092F428
[LOG] SystemI::createSoundInternal             : exinfo->inclusionlistnum   = 1
[LOG] SystemI::createSoundInternal             : exinfo->suggestedsoundtype = 5
[LOG] SystemI::createSoundInternal             : exinfo->useropen           = 00007FF824573FA0
[LOG] SystemI::createSoundInternal             : exinfo->userclose          = 00007FF824573F60
[LOG] SystemI::createSoundInternal             : exinfo->userread           = 00007FF824574080
[LOG] SystemI::createSoundInternal             : exinfo->userseek           = 00007FF824574140
[LOG] SystemI::createSoundInternal             : exinfo->fileuserdata       = 00000228DB9094F8
[LOG] SystemI::createSoundInternal             : exinfo->initialseekpostype = 1
[LOG] SystemI::DSPCodecPoolRegister            : register codec pool for pool type 5
[LOG] SystemI::createSoundInternal             : Sample 0/1: name='unijam_Death_3', format=5, channels=2, frequency=48000, lengthbytes=8896, lengthpcm=36000, pcmblocksize=0, loopstart=0, loopend=0, mode=0x00000000, channelmask=0x00000000, channelorder=0, peakvolume=0.436890.
[LOG] SystemI::createSoundInternal             : Create name='', mode=0x02000202
[LOG] SystemI::createSoundInternal             : exinfo->cbsize             = 224
[LOG] SystemI::createSoundInternal             : exinfo->length             = 61600
[LOG] SystemI::createSoundInternal             : exinfo->fileoffset         = 9408
[LOG] SystemI::createSoundInternal             : exinfo->numsubsounds       = 1
[LOG] SystemI::createSoundInternal             : exinfo->inclusionlist      = 000000867092F428
[LOG] SystemI::createSoundInternal             : exinfo->inclusionlistnum   = 1
[LOG] SystemI::createSoundInternal             : exinfo->suggestedsoundtype = 5
[LOG] SystemI::createSoundInternal             : exinfo->useropen           = 00007FF824573FA0
[LOG] SystemI::createSoundInternal             : exinfo->userclose          = 00007FF824573F60
[LOG] SystemI::createSoundInternal             : exinfo->userread           = 00007FF824574080
[LOG] SystemI::createSoundInternal             : exinfo->userseek           = 00007FF824574140
[LOG] SystemI::createSoundInternal             : exinfo->fileuserdata       = 00000228DB9094F8
[LOG] SystemI::createSoundInternal             : exinfo->initialseekpostype = 1
[LOG] SystemI::DSPCodecPoolRegister            : register codec pool for pool type 5
[LOG] SystemI::createSoundInternal             : Sample 0/1: name='unijam_Death_5', format=5, channels=2, frequency=48000, lengthbytes=8896, lengthpcm=36000, pcmblocksize=0, loopstart=0, loopend=0, mode=0x00000000, channelmask=0x00000000, channelorder=0, peakvolume=0.461090.
[LOG] SoundI::release                          : 2 (000002294B67F5F8)
[LOG] SoundI::release                          :     2 (00000228EE4AC7D8)
[LOG] SoundI::release                          :     2 (000002298D826BE8)
[LOG] SoundI::release                          :  (00000229A7963468)
[LOG] SoundI::release                          :     unijam_Rotate (00000229A126F7F8)
[LOG] SoundI::release                          :  (00000229A795F698)
[LOG] SoundI::release                          :     unijam_StandartLand (00000228B85975D8)
[LOG] SoundI::release                          :  (00000229A79660F8)
[LOG] SoundI::release                          :     unijam_Death_1 (0000022929908C48)
[LOG] SoundI::release                          :  (00000229A7965128)
[LOG] SoundI::release                          :     unijam_Death_2 (000002298CEF4C68)
[LOG] SoundI::release                          :  (00000229A795CA08)
[LOG] SoundI::release                          :     unijam_Death_3 (0000022929908428)
[LOG] SoundI::release                          :  (00000229A7965B38)
[LOG] SoundI::release                          :     unijam_Death_4 (000002298CEF42A8)
[LOG] SoundI::release                          :  (00000229A7958DA8)
[LOG] SoundI::release                          :     unijam_Death_5 (0000022929A68518)
[LOG] SoundI::release                          :  (00000229A79656E8)
[LOG] SoundI::release                          :     unijam_StandartStep (000002298CEF4788)
[LOG] Thread::callback                         : FMOD Studio update thread finished.
[LOG] Thread::callback                         : FMOD Studio bank load thread finished.
[LOG] Profile::disconnectAll                   : Profiler disconnecting all clients
[LOG] Thread::callback                         : FMOD Studio sample load thread finished.
[LOG] LiveUpdate::release                      : 
[LOG] LiveUpdate::reset                        : Reset connection (reason Disconnected)
[LOG] Thread::callback                         : FMOD stream thread finished.
[LOG] Thread::callback                         : FMOD mixer thread finished.
[LOG] Profile::disconnectAll                   : Profiler disconnecting all clients
[LOG] SystemI::close                           : Closed.
[LOG] Thread::callback                         : FMOD Studio bank load thread finished.
[LOG] Thread::callback                         : FMOD Studio sample load thread finished.
[LOG] LiveUpdate::release                      : 
[LOG] LiveUpdate::reset                        : Reset connection (reason Disconnected)
[LOG] Thread::callback                         : FMOD stream thread finished.
[LOG] Thread::callback                         : FMOD mixer thread finished.
[LOG] SystemI::close                           : Closed.
[LOG] Thread::callback                         : FMOD nonblocking thread (0) finished.
[LOG] Thread::callback                         : FMOD file thread finished.
